C:\Users\thien\Desktop\Grande Gift - Angular\Luu_DiplomaProject_Angular\src\app\app.component.js
C:\Users\thien\Desktop\Grande Gift - Angular\Luu_DiplomaProject_Angular\src\app\app.component.js.map
C:\Users\thien\Desktop\Grande Gift - Angular\Luu_DiplomaProject_Angular\src\app\hamper.service.js
C:\Users\thien\Desktop\Grande Gift - Angular\Luu_DiplomaProject_Angular\src\app\hamper.service.js.map
C:\Users\thien\Desktop\Grande Gift - Angular\Luu_DiplomaProject_Angular\src\app\hamper.js
C:\Users\thien\Desktop\Grande Gift - Angular\Luu_DiplomaProject_Angular\src\app\hamper.js.map
C:\Users\thien\Desktop\Grande Gift - Angular\Luu_DiplomaProject_Angular\src\app\category.js
C:\Users\thien\Desktop\Grande Gift - Angular\Luu_DiplomaProject_Angular\src\app\category.js.map
C:\Users\thien\Desktop\Grande Gift - Angular\Luu_DiplomaProject_Angular\src\app\home.component.js
C:\Users\thien\Desktop\Grande Gift - Angular\Luu_DiplomaProject_Angular\src\app\home.component.js.map
C:\Users\thien\Desktop\Grande Gift - Angular\Luu_DiplomaProject_Angular\src\app\contact.component.js
C:\Users\thien\Desktop\Grande Gift - Angular\Luu_DiplomaProject_Angular\src\app\contact.component.js.map
C:\Users\thien\Desktop\Grande Gift - Angular\Luu_DiplomaProject_Angular\src\app\about.component.js
C:\Users\thien\Desktop\Grande Gift - Angular\Luu_DiplomaProject_Angular\src\app\about.component.js.map
C:\Users\thien\Desktop\Grande Gift - Angular\Luu_DiplomaProject_Angular\src\app\app.routing.js
C:\Users\thien\Desktop\Grande Gift - Angular\Luu_DiplomaProject_Angular\src\app\app.routing.js.map
C:\Users\thien\Desktop\Grande Gift - Angular\Luu_DiplomaProject_Angular\src\app\app.module.js
C:\Users\thien\Desktop\Grande Gift - Angular\Luu_DiplomaProject_Angular\src\app\app.module.js.map
C:\Users\thien\Desktop\Grande Gift - Angular\Luu_DiplomaProject_Angular\src\main.js
C:\Users\thien\Desktop\Grande Gift - Angular\Luu_DiplomaProject_Angular\src\main.js.map
C:\Users\thien\Desktop\Grande Gift - Angular\Luu_DiplomaProject_Angular\src\app\app.component.spec.js
C:\Users\thien\Desktop\Grande Gift - Angular\Luu_DiplomaProject_Angular\src\app\app.component.spec.js.map
