D:\TAFE - External\Diploma - Software Development T4\PROJECT\SUBMISSION\Grande Gift - Angular\Luu_DiplomaProject_Angular\src\app\app.component.js
D:\TAFE - External\Diploma - Software Development T4\PROJECT\SUBMISSION\Grande Gift - Angular\Luu_DiplomaProject_Angular\src\app\app.component.js.map
D:\TAFE - External\Diploma - Software Development T4\PROJECT\SUBMISSION\Grande Gift - Angular\Luu_DiplomaProject_Angular\src\app\hamper.service.js
D:\TAFE - External\Diploma - Software Development T4\PROJECT\SUBMISSION\Grande Gift - Angular\Luu_DiplomaProject_Angular\src\app\hamper.service.js.map
D:\TAFE - External\Diploma - Software Development T4\PROJECT\SUBMISSION\Grande Gift - Angular\Luu_DiplomaProject_Angular\src\app\hamper.js
D:\TAFE - External\Diploma - Software Development T4\PROJECT\SUBMISSION\Grande Gift - Angular\Luu_DiplomaProject_Angular\src\app\hamper.js.map
D:\TAFE - External\Diploma - Software Development T4\PROJECT\SUBMISSION\Grande Gift - Angular\Luu_DiplomaProject_Angular\src\app\category.js
D:\TAFE - External\Diploma - Software Development T4\PROJECT\SUBMISSION\Grande Gift - Angular\Luu_DiplomaProject_Angular\src\app\category.js.map
D:\TAFE - External\Diploma - Software Development T4\PROJECT\SUBMISSION\Grande Gift - Angular\Luu_DiplomaProject_Angular\src\app\home.component.js
D:\TAFE - External\Diploma - Software Development T4\PROJECT\SUBMISSION\Grande Gift - Angular\Luu_DiplomaProject_Angular\src\app\home.component.js.map
D:\TAFE - External\Diploma - Software Development T4\PROJECT\SUBMISSION\Grande Gift - Angular\Luu_DiplomaProject_Angular\src\app\contact.component.js
D:\TAFE - External\Diploma - Software Development T4\PROJECT\SUBMISSION\Grande Gift - Angular\Luu_DiplomaProject_Angular\src\app\contact.component.js.map
D:\TAFE - External\Diploma - Software Development T4\PROJECT\SUBMISSION\Grande Gift - Angular\Luu_DiplomaProject_Angular\src\app\about.component.js
D:\TAFE - External\Diploma - Software Development T4\PROJECT\SUBMISSION\Grande Gift - Angular\Luu_DiplomaProject_Angular\src\app\about.component.js.map
D:\TAFE - External\Diploma - Software Development T4\PROJECT\SUBMISSION\Grande Gift - Angular\Luu_DiplomaProject_Angular\src\app\app.routing.js
D:\TAFE - External\Diploma - Software Development T4\PROJECT\SUBMISSION\Grande Gift - Angular\Luu_DiplomaProject_Angular\src\app\app.routing.js.map
D:\TAFE - External\Diploma - Software Development T4\PROJECT\SUBMISSION\Grande Gift - Angular\Luu_DiplomaProject_Angular\src\app\app.module.js
D:\TAFE - External\Diploma - Software Development T4\PROJECT\SUBMISSION\Grande Gift - Angular\Luu_DiplomaProject_Angular\src\app\app.module.js.map
D:\TAFE - External\Diploma - Software Development T4\PROJECT\SUBMISSION\Grande Gift - Angular\Luu_DiplomaProject_Angular\src\main.js
D:\TAFE - External\Diploma - Software Development T4\PROJECT\SUBMISSION\Grande Gift - Angular\Luu_DiplomaProject_Angular\src\main.js.map
D:\TAFE - External\Diploma - Software Development T4\PROJECT\SUBMISSION\Grande Gift - Angular\Luu_DiplomaProject_Angular\src\app\app.component.spec.js
D:\TAFE - External\Diploma - Software Development T4\PROJECT\SUBMISSION\Grande Gift - Angular\Luu_DiplomaProject_Angular\src\app\app.component.spec.js.map
